Copyright 1986-2022 Xilinx, Inc. All Rights Reserved.
----------------------------------------------------------------------------------------------------------
| Tool Version : Vivado v.2022.2 (lin64) Build 3671981 Fri Oct 14 04:59:54 MDT 2022
| Date         : Sat Mar  4 13:53:57 2023
| Host         : marc-System-Product-Name running 64-bit Ubuntu 22.04.1 LTS
| Command      : report_timing -sort_by group -max_paths 100 -path_type summary -file timing.log -verbose
| Design       : ovo7670_top
| Device       : 7a35t-cpg236
| Speed File   : -1  PRODUCTION 1.23 2018-06-13
----------------------------------------------------------------------------------------------------------

Timing Report

Startpoint                     Endpoint                       Slack(ns)     
----------------------------------------------------------------------------
VRAM_CONTROLLER/vram_write_address_sync_2_reg_reg[0]/C
                               VRAM_CONTROLLER/VRAM/ram_reg_1_5__0/ADDRARDADDR[0]
                                                              1.714         
VRAM_CONTROLLER/vram_write_address_sync_2_reg_reg[0]/C
                               VRAM_CONTROLLER/VRAM/ram_reg_1_5/ADDRARDADDR[0]
                                                              1.917         
VRAM_CONTROLLER/vram_write_address_sync_2_reg_reg[0]/C
                               VRAM_CONTROLLER/VRAM/ram_reg_0_5/ADDRARDADDR[0]
                                                              2.110         
VRAM_CONTROLLER/vram_write_address_sync_2_reg_reg[0]/C
                               VRAM_CONTROLLER/VRAM/ram_reg_0_6/ADDRARDADDR[0]
                                                              2.471         
VRAM_CONTROLLER/vram_write_address_sync_2_reg_reg[0]/C
                               VRAM_CONTROLLER/VRAM/ram_reg_1_6/ADDRARDADDR[0]
                                                              2.651         
VRAM_CONTROLLER/vram_write_address_sync_2_reg_reg[0]/C
                               VRAM_CONTROLLER/VRAM/ram_reg_1_6__0/ADDRARDADDR[0]
                                                              3.022         
VRAM_CONTROLLER/vram_write_address_sync_2_reg_reg[0]/C
                               VRAM_CONTROLLER/VRAM/ram_reg_1_7__0/ADDRARDADDR[0]
                                                              3.184         
VRAM_CONTROLLER/vram_write_address_sync_2_reg_reg[0]/C
                               VRAM_CONTROLLER/VRAM/ram_reg_1_1__0/ADDRARDADDR[0]
                                                              3.230         
VRAM_CONTROLLER/vram_write_address_sync_2_reg_reg[15]/C
                               VRAM_CONTROLLER/VRAM/ram_reg_1_4/ENARDEN
                                                              3.509         
VRAM_CONTROLLER/vram_write_address_sync_2_reg_reg[0]/C
                               VRAM_CONTROLLER/VRAM/ram_reg_1_2__0/ADDRARDADDR[0]
                                                              3.567         
VRAM_CONTROLLER/vram_write_address_sync_2_reg_reg[1]/C
                               VRAM_CONTROLLER/VRAM/ram_reg_1_2/ADDRARDADDR[1]
                                                              3.610         
VRAM_CONTROLLER/vram_write_address_sync_2_reg_reg[2]/C
                               VRAM_CONTROLLER/VRAM/ram_reg_1_2/ADDRARDADDR[2]
                                                              3.903         
VRAM_CONTROLLER/vram_write_address_sync_2_reg_reg[7]/C
                               VRAM_CONTROLLER/VRAM/ram_reg_1_2/ADDRARDADDR[7]
                                                              3.917         
VRAM_CONTROLLER/vram_write_address_sync_2_reg_reg[1]/C
                               VRAM_CONTROLLER/VRAM/ram_reg_0_2/ADDRARDADDR[1]
                                                              3.945         
VRAM_CONTROLLER/href_sync_2_reg_reg/C
                               VRAM_CONTROLLER/VRAM/ram_reg_1_3__0/ENARDEN
                                                              3.974         
VRAM_CONTROLLER/vram_write_address_sync_2_reg_reg[16]/C
                               VRAM_CONTROLLER/VRAM/ram_reg_1_2__0/ENARDEN
                                                              4.034         
VRAM_CONTROLLER/vram_write_address_sync_2_reg_reg[0]/C
                               VRAM_CONTROLLER/VRAM/ram_reg_1_2/ADDRARDADDR[0]
                                                              4.073         
VRAM_CONTROLLER/vram_write_address_sync_2_reg_reg[4]/C
                               VRAM_CONTROLLER/VRAM/ram_reg_1_2/ADDRARDADDR[4]
                                                              4.136         
VRAM_CONTROLLER/href_sync_2_reg_reg/C
                               VRAM_CONTROLLER/VRAM/ram_reg_1_4__0/ENARDEN
                                                              4.148         
VRAM_CONTROLLER/vram_write_address_sync_2_reg_reg[16]/C
                               VRAM_CONTROLLER/VRAM/ram_reg_1_1__0/ENARDEN
                                                              4.175         
VRAM_CONTROLLER/vram_write_address_sync_2_reg_reg[6]/C
                               VRAM_CONTROLLER/VRAM/ram_reg_1_2/ADDRARDADDR[6]
                                                              4.197         
VRAM_CONTROLLER/vram_write_address_sync_2_reg_reg[3]/C
                               VRAM_CONTROLLER/VRAM/ram_reg_1_2/ADDRARDADDR[3]
                                                              4.210         
VRAM_CONTROLLER/vram_write_address_sync_2_reg_reg[14]/C
                               VRAM_CONTROLLER/VRAM/ram_reg_1_2/ADDRARDADDR[14]
                                                              4.218         
VRAM_CONTROLLER/vram_write_address_sync_2_reg_reg[0]/C
                               VRAM_CONTROLLER/VRAM/ram_reg_0_2/ADDRARDADDR[0]
                                                              4.224         
VRAM_CONTROLLER/vram_write_address_sync_2_reg_reg[2]/C
                               VRAM_CONTROLLER/VRAM/ram_reg_0_2/ADDRARDADDR[2]
                                                              4.238         
VRAM_CONTROLLER/vram_write_address_sync_2_reg_reg[16]/C
                               VRAM_CONTROLLER/VRAM/ram_reg_1_2/WEA[0]
                                                              4.239         
VRAM_CONTROLLER/vram_write_address_sync_2_reg_reg[7]/C
                               VRAM_CONTROLLER/VRAM/ram_reg_0_2/ADDRARDADDR[7]
                                                              4.252         
VRAM_CONTROLLER/vram_write_address_sync_2_reg_reg[1]/C
                               VRAM_CONTROLLER/VRAM/ram_reg_1_4__0/ADDRARDADDR[1]
                                                              4.279         
VRAM_CONTROLLER/vram_write_address_sync_2_reg_reg[5]/C
                               VRAM_CONTROLLER/VRAM/ram_reg_1_2/ADDRARDADDR[5]
                                                              4.335         
VRAM_CONTROLLER/vram_write_address_sync_2_reg_reg[15]/C
                               VRAM_CONTROLLER/VRAM/ram_reg_1_4/ADDRARDADDR[15]
                                                              4.372         
VRAM_CONTROLLER/vram_write_address_sync_2_reg_reg[12]/C
                               VRAM_CONTROLLER/VRAM/ram_reg_0_1/ADDRARDADDR[12]
                                                              4.430         
VRAM_CONTROLLER/vram_write_address_sync_2_reg_reg[16]/C
                               VRAM_CONTROLLER/VRAM/ram_reg_1_2/ENARDEN
                                                              4.440         
VRAM_CONTROLLER/vram_write_address_sync_2_reg_reg[4]/C
                               VRAM_CONTROLLER/VRAM/ram_reg_0_2/ADDRARDADDR[4]
                                                              4.471         
VRAM_CONTROLLER/vram_write_address_sync_2_reg_reg[6]/C
                               VRAM_CONTROLLER/VRAM/ram_reg_0_2/ADDRARDADDR[6]
                                                              4.532         
VRAM_CONTROLLER/vram_write_address_sync_2_reg_reg[3]/C
                               VRAM_CONTROLLER/VRAM/ram_reg_0_2/ADDRARDADDR[3]
                                                              4.545         
VRAM_CONTROLLER/vram_write_address_sync_2_reg_reg[14]/C
                               VRAM_CONTROLLER/VRAM/ram_reg_0_2/ADDRARDADDR[14]
                                                              4.553         
VRAM_CONTROLLER/vram_write_address_sync_2_reg_reg[15]/C
                               VRAM_CONTROLLER/VRAM/ram_reg_0_4/ADDRARDADDR[15]
                                                              4.556         
VRAM_CONTROLLER/vram_write_address_sync_2_reg_reg[2]/C
                               VRAM_CONTROLLER/VRAM/ram_reg_1_4__0/ADDRARDADDR[2]
                                                              4.572         
VRAM_CONTROLLER/vram_write_address_sync_2_reg_reg[14]/C
                               VRAM_CONTROLLER/VRAM/ram_reg_1_1__0/ADDRARDADDR[14]
                                                              4.572         
VRAM_CONTROLLER/vram_write_address_sync_2_reg_reg[0]/C
                               VRAM_CONTROLLER/VRAM/ram_reg_1_4__0/ADDRARDADDR[0]
                                                              4.577         
VRAM_CONTROLLER/vram_write_address_sync_2_reg_reg[7]/C
                               VRAM_CONTROLLER/VRAM/ram_reg_1_4__0/ADDRARDADDR[7]
                                                              4.586         
VRAM_CONTROLLER/vram_write_address_sync_2_reg_reg[1]/C
                               VRAM_CONTROLLER/VRAM/ram_reg_1_4/ADDRARDADDR[1]
                                                              4.612         
VRAM_CONTROLLER/vram_write_address_sync_2_reg_reg[1]/C
                               VRAM_CONTROLLER/VRAM/ram_reg_1_1__0/ADDRARDADDR[1]
                                                              4.643         
VRAM_CONTROLLER/vram_write_address_sync_2_reg_reg[5]/C
                               VRAM_CONTROLLER/VRAM/ram_reg_0_2/ADDRARDADDR[5]
                                                              4.670         
VRAM_CONTROLLER/vram_write_address_sync_2_reg_reg[16]/C
                               VRAM_CONTROLLER/VRAM/ram_reg_0_2/WEA[0]
                                                              4.716         
VRAM_CONTROLLER/vram_write_address_sync_2_reg_reg[0]/C
                               VRAM_CONTROLLER/VRAM/ram_reg_1_4/ADDRARDADDR[0]
                                                              4.726         
VRAM_CONTROLLER/vram_write_address_sync_2_reg_reg[12]/C
                               VRAM_CONTROLLER/VRAM/ram_reg_1_1/ADDRARDADDR[12]
                                                              4.769         
VRAM_CONTROLLER/vram_write_address_sync_2_reg_reg[6]/C
                               VRAM_CONTROLLER/VRAM/ram_reg_1_1__0/ADDRARDADDR[6]
                                                              4.780         
VRAM_CONTROLLER/vram_write_address_sync_2_reg_reg[4]/C
                               VRAM_CONTROLLER/VRAM/ram_reg_1_4__0/ADDRARDADDR[4]
                                                              4.805         
VRAM_CONTROLLER/vram_write_address_sync_2_reg_reg[16]/C
                               VRAM_CONTROLLER/VRAM/ram_reg_0_2/ENARDEN
                                                              4.856         
VRAM_CONTROLLER/vram_write_address_sync_2_reg_reg[6]/C
                               VRAM_CONTROLLER/VRAM/ram_reg_1_4__0/ADDRARDADDR[6]
                                                              4.866         
VRAM_CONTROLLER/vram_write_address_sync_2_reg_reg[4]/C
                               VRAM_CONTROLLER/VRAM/ram_reg_1_1__0/ADDRARDADDR[4]
                                                              4.871         
VRAM_CONTROLLER/vram_write_address_sync_2_reg_reg[10]/C
                               VRAM_CONTROLLER/VRAM/ram_reg_0_1/ADDRARDADDR[10]
                                                              4.874         
VRAM_CONTROLLER/vram_write_address_sync_2_reg_reg[3]/C
                               VRAM_CONTROLLER/VRAM/ram_reg_1_4__0/ADDRARDADDR[3]
                                                              4.879         
VRAM_CONTROLLER/vram_write_address_sync_2_reg_reg[13]/C
                               VRAM_CONTROLLER/VRAM/ram_reg_0_1/ADDRARDADDR[13]
                                                              4.879         
VRAM_CONTROLLER/vram_write_address_sync_2_reg_reg[9]/C
                               VRAM_CONTROLLER/VRAM/ram_reg_0_1/ADDRARDADDR[9]
                                                              4.885         
VRAM_CONTROLLER/vram_write_address_sync_2_reg_reg[14]/C
                               VRAM_CONTROLLER/VRAM/ram_reg_1_4__0/ADDRARDADDR[14]
                                                              4.887         
VRAM_CONTROLLER/vram_write_address_sync_2_reg_reg[2]/C
                               VRAM_CONTROLLER/VRAM/ram_reg_1_4/ADDRARDADDR[2]
                                                              4.905         
VRAM_CONTROLLER/vram_write_address_sync_2_reg_reg[14]/C
                               VRAM_CONTROLLER/VRAM/ram_reg_1_2__0/ADDRARDADDR[14]
                                                              4.909         
VRAM_CONTROLLER/vram_write_address_sync_2_reg_reg[7]/C
                               VRAM_CONTROLLER/VRAM/ram_reg_1_4/ADDRARDADDR[7]
                                                              4.919         
VRAM_CONTROLLER/vram_write_address_sync_2_reg_reg[5]/C
                               VRAM_CONTROLLER/VRAM/ram_reg_1_1__0/ADDRARDADDR[5]
                                                              4.924         
VRAM_CONTROLLER/vram_write_address_sync_2_reg_reg[16]/C
                               VRAM_CONTROLLER/VRAM/ram_reg_0_0/WEA[0]
                                                              4.933         
VRAM_CONTROLLER/vram_write_address_sync_2_reg_reg[1]/C
                               VRAM_CONTROLLER/VRAM/ram_reg_0_4/ADDRARDADDR[1]
                                                              4.947         
VRAM_CONTROLLER/vram_write_address_sync_2_reg_reg[1]/C
                               VRAM_CONTROLLER/VRAM/ram_reg_1_2__0/ADDRARDADDR[1]
                                                              4.980         
VRAM_CONTROLLER/vram_write_address_sync_2_reg_reg[5]/C
                               VRAM_CONTROLLER/VRAM/ram_reg_1_4__0/ADDRARDADDR[5]
                                                              5.004         
VRAM_CONTROLLER/vram_write_address_sync_2_reg_reg[8]/C
                               VRAM_CONTROLLER/VRAM/ram_reg_0_1/ADDRARDADDR[8]
                                                              5.041         
VRAM_CONTROLLER/vram_write_address_sync_2_reg_reg[11]/C
                               VRAM_CONTROLLER/VRAM/ram_reg_0_1/ADDRARDADDR[11]
                                                              5.063         
VRAM_CONTROLLER/vram_write_address_sync_2_reg_reg[15]/C
                               VRAM_CONTROLLER/VRAM/ram_reg_0_3/ENARDEN
                                                              5.063         
VRAM_CONTROLLER/vram_write_address_sync_2_reg_reg[12]/C
                               VRAM_CONTROLLER/VRAM/ram_reg_0_3/ADDRARDADDR[12]
                                                              5.103         
VRAM_CONTROLLER/href_sync_2_reg_reg/C
                               VRAM_CONTROLLER/VRAM/ram_reg_1_6/WEA[0]
                                                              5.109         
VRAM_CONTROLLER/vram_write_address_sync_2_reg_reg[0]/C
                               VRAM_CONTROLLER/VRAM/ram_reg_0_4/ADDRARDADDR[0]
                                                              5.110         
VRAM_CONTROLLER/vram_write_address_sync_2_reg_reg[6]/C
                               VRAM_CONTROLLER/VRAM/ram_reg_1_2__0/ADDRARDADDR[6]
                                                              5.117         
VRAM_CONTROLLER/vram_write_address_sync_2_reg_reg[4]/C
                               VRAM_CONTROLLER/VRAM/ram_reg_1_4/ADDRARDADDR[4]
                                                              5.138         
VRAM_CONTROLLER/vram_write_address_sync_2_reg_reg[7]/C
                               VRAM_CONTROLLER/VRAM/ram_reg_1_1__0/ADDRARDADDR[7]
                                                              5.143         
VRAM_CONTROLLER/vram_write_address_sync_2_reg_reg[15]/C
                               VRAM_CONTROLLER/VRAM/ram_reg_1_5__0/ENARDEN
                                                              5.169         
VRAM_CONTROLLER/href_sync_2_reg_reg/C
                               VRAM_CONTROLLER/VRAM/ram_reg_1_8__0/ENARDEN
                                                              5.192         
VRAM_CONTROLLER/vram_write_address_sync_2_reg_reg[12]/C
                               VRAM_CONTROLLER/VRAM/ram_reg_0_0/ADDRARDADDR[12]
                                                              5.194         
VRAM_CONTROLLER/vram_write_address_sync_2_reg_reg[6]/C
                               VRAM_CONTROLLER/VRAM/ram_reg_1_4/ADDRARDADDR[6]
                                                              5.199         
VRAM_CONTROLLER/vram_write_address_sync_2_reg_reg[4]/C
                               VRAM_CONTROLLER/VRAM/ram_reg_1_2__0/ADDRARDADDR[4]
                                                              5.208         
VRAM_CONTROLLER/vram_write_address_sync_2_reg_reg[3]/C
                               VRAM_CONTROLLER/VRAM/ram_reg_1_4/ADDRARDADDR[3]
                                                              5.212         
VRAM_CONTROLLER/vram_write_address_sync_2_reg_reg[10]/C
                               VRAM_CONTROLLER/VRAM/ram_reg_1_1/ADDRARDADDR[10]
                                                              5.213         
VRAM_CONTROLLER/vram_write_address_sync_2_reg_reg[13]/C
                               VRAM_CONTROLLER/VRAM/ram_reg_1_1/ADDRARDADDR[13]
                                                              5.218         
VRAM_CONTROLLER/vram_write_address_sync_2_reg_reg[14]/C
                               VRAM_CONTROLLER/VRAM/ram_reg_1_4/ADDRARDADDR[14]
                                                              5.220         
VRAM_CONTROLLER/href_sync_2_reg_reg/C
                               VRAM_CONTROLLER/VRAM/ram_reg_1_6__0/ENARDEN
                                                              5.220         
VRAM_CONTROLLER/vram_write_address_sync_2_reg_reg[9]/C
                               VRAM_CONTROLLER/VRAM/ram_reg_1_1/ADDRARDADDR[9]
                                                              5.224         
VRAM_CONTROLLER/vram_write_address_sync_2_reg_reg[15]/C
                               VRAM_CONTROLLER/VRAM/ram_reg_1_3/ENARDEN
                                                              5.237         
VRAM_CONTROLLER/vram_write_address_sync_2_reg_reg[2]/C
                               VRAM_CONTROLLER/VRAM/ram_reg_0_4/ADDRARDADDR[2]
                                                              5.240         
VRAM_CONTROLLER/vram_write_address_sync_2_reg_reg[14]/C
                               VRAM_CONTROLLER/VRAM/ram_reg_1_7__0/ADDRARDADDR[14]
                                                              5.244         
VRAM_CONTROLLER/vram_write_address_sync_2_reg_reg[7]/C
                               VRAM_CONTROLLER/VRAM/ram_reg_0_4/ADDRARDADDR[7]
                                                              5.254         
VRAM_CONTROLLER/vram_write_address_sync_2_reg_reg[16]/C
                               VRAM_CONTROLLER/VRAM/ram_reg_1_9/WEA[0]
                                                              5.260         
VRAM_CONTROLLER/vram_write_address_sync_2_reg_reg[5]/C
                               VRAM_CONTROLLER/VRAM/ram_reg_1_2__0/ADDRARDADDR[5]
                                                              5.261         
VRAM_CONTROLLER/vram_write_address_sync_2_reg_reg[0]/C
                               VRAM_CONTROLLER/VRAM/ram_reg_1_3__0/ADDRARDADDR[0]
                                                              5.269         
VRAM_CONTROLLER/vram_write_address_sync_2_reg_reg[15]/C
                               VRAM_CONTROLLER/VRAM/ram_reg_1_0/ENARDEN
                                                              5.270         
VRAM_CONTROLLER/vram_write_address_sync_2_reg_reg[16]/C
                               VRAM_CONTROLLER/VRAM/ram_reg_1_7__0/ENARDEN
                                                              5.285         
VRAM_CONTROLLER/vram_write_address_sync_2_reg_reg[1]/C
                               VRAM_CONTROLLER/VRAM/ram_reg_1_3__0/ADDRARDADDR[1]
                                                              5.290         
VRAM_CONTROLLER/href_sync_2_reg_reg/C
                               VRAM_CONTROLLER/VRAM/ram_reg_1_9__0/ENARDEN
                                                              5.294         
VRAM_CONTROLLER/vram_write_address_sync_2_reg_reg[1]/C
                               VRAM_CONTROLLER/VRAM/ram_reg_1_7__0/ADDRARDADDR[1]
                                                              5.315         
VRAM_CONTROLLER/vram_write_address_sync_2_reg_reg[3]/C
                               VRAM_CONTROLLER/VRAM/ram_reg_1_1__0/ADDRARDADDR[3]
                                                              5.335         
VRAM_CONTROLLER/vram_write_address_sync_2_reg_reg[15]/C
                               VRAM_CONTROLLER/VRAM/ram_reg_0_0/ENARDEN
                                                              5.337         
VRAM_CONTROLLER/vram_write_address_sync_2_reg_reg[5]/C
                               VRAM_CONTROLLER/VRAM/ram_reg_1_4/ADDRARDADDR[5]
                                                              5.337         



